<?xml version="1.0" encoding="UTF-8"?>
<!-- Generated by org.testng.reporters.JUnitXMLReporter -->
<testsuite hostname="LAPTOP-7719OJMV" ignored="0" name="Default test" tests="3" failures="0" timestamp="2020-06-09T23:00:30 IST" time="75.269" errors="0">
  <testcase name="testReadExcelData" time="15.127" classname="com.freecrm.testcases.FreeCrmAddContactTestExcelReadData"/>
  <testcase name="testReadExcelData" time="15.078" classname="com.freecrm.testcases.FreeCrmAddContactTestExcelReadData"/>
  <testcase name="testReadExcelData" time="16.118" classname="com.freecrm.testcases.FreeCrmAddContactTestExcelReadData"/>
</testsuite> <!-- Default test -->
