<?xml version="1.0" encoding="UTF-8"?>
<!-- Generated by org.testng.reporters.JUnitXMLReporter -->
<testsuite hostname="LAPTOP-7719OJMV" ignored="0" name="Command line test" tests="5" failures="0" timestamp="2020-06-09T23:04:44 IST" time="104.94" errors="0">
  <testcase name="testReadExcelData" time="15.759" classname="com.freecrm.testcases.TestFreeCrmAddContactTestExcelReadData"/>
  <testcase name="testReadExcelData" time="15.787" classname="com.freecrm.testcases.TestFreeCrmAddContactTestExcelReadData"/>
  <testcase name="testReadExcelData" time="16.216" classname="com.freecrm.testcases.TestFreeCrmAddContactTestExcelReadData"/>
  <testcase name="testLogin" time="3.837" classname="com.freecrm.testcases.TestLoginFunctionality"/>
  <testcase name="testLogin" time="4.1" classname="com.freecrm.testcases.TestLoginFunctionality2"/>
</testsuite> <!-- Command line test -->
