<?xml version="1.0" encoding="UTF-8"?>
<testng-results skipped="0" failed="0" ignored="0" total="3" passed="3">
  <reporter-output>
  </reporter-output>
  <suite name="Default suite" duration-ms="75269" started-at="2020-06-09T22:59:15 IST" finished-at="2020-06-09T23:00:30 IST">
    <groups>
    </groups>
    <test name="Default test" duration-ms="75269" started-at="2020-06-09T22:59:15 IST" finished-at="2020-06-09T23:00:30 IST">
      <class name="com.freecrm.testcases.FreeCrmAddContactTestExcelReadData">
        <test-method status="PASS" signature="setup()[pri:0, instance:com.freecrm.testcases.FreeCrmAddContactTestExcelReadData@15d0c81b]" name="setup" is-config="true" duration-ms="9471" started-at="2020-06-09T22:59:15 IST" finished-at="2020-06-09T22:59:25 IST">
          <reporter-output>
          </reporter-output>
        </test-method> <!-- setup -->
        <test-method status="PASS" signature="testReadExcelData(java.lang.String, java.lang.String)[pri:0, instance:com.freecrm.testcases.FreeCrmAddContactTestExcelReadData@15d0c81b]" name="testReadExcelData" duration-ms="15127" started-at="2020-06-09T22:59:25 IST" data-provider="getData" finished-at="2020-06-09T22:59:40 IST">
          <params>
            <param index="0">
              <value>
                <![CDATA[Ashish]]>
              </value>
            </param>
            <param index="1">
              <value>
                <![CDATA[Gupta]]>
              </value>
            </param>
          </params>
          <reporter-output>
          </reporter-output>
        </test-method> <!-- testReadExcelData -->
        <test-method status="PASS" signature="tearDown()[pri:0, instance:com.freecrm.testcases.FreeCrmAddContactTestExcelReadData@15d0c81b]" name="tearDown" is-config="true" duration-ms="785" started-at="2020-06-09T22:59:40 IST" finished-at="2020-06-09T22:59:41 IST">
          <reporter-output>
          </reporter-output>
        </test-method> <!-- tearDown -->
        <test-method status="PASS" signature="setup()[pri:0, instance:com.freecrm.testcases.FreeCrmAddContactTestExcelReadData@15d0c81b]" name="setup" is-config="true" duration-ms="7813" started-at="2020-06-09T22:59:41 IST" finished-at="2020-06-09T22:59:49 IST">
          <reporter-output>
          </reporter-output>
        </test-method> <!-- setup -->
        <test-method status="PASS" signature="testReadExcelData(java.lang.String, java.lang.String)[pri:0, instance:com.freecrm.testcases.FreeCrmAddContactTestExcelReadData@15d0c81b]" name="testReadExcelData" duration-ms="15078" started-at="2020-06-09T22:59:49 IST" data-provider="getData" finished-at="2020-06-09T23:00:04 IST">
          <params>
            <param index="0">
              <value>
                <![CDATA[Deepanshu ]]>
              </value>
            </param>
            <param index="1">
              <value>
                <![CDATA[Singhal]]>
              </value>
            </param>
          </params>
          <reporter-output>
          </reporter-output>
        </test-method> <!-- testReadExcelData -->
        <test-method status="PASS" signature="tearDown()[pri:0, instance:com.freecrm.testcases.FreeCrmAddContactTestExcelReadData@15d0c81b]" name="tearDown" is-config="true" duration-ms="717" started-at="2020-06-09T23:00:04 IST" finished-at="2020-06-09T23:00:04 IST">
          <reporter-output>
          </reporter-output>
        </test-method> <!-- tearDown -->
        <test-method status="PASS" signature="setup()[pri:0, instance:com.freecrm.testcases.FreeCrmAddContactTestExcelReadData@15d0c81b]" name="setup" is-config="true" duration-ms="8645" started-at="2020-06-09T23:00:04 IST" finished-at="2020-06-09T23:00:13 IST">
          <reporter-output>
          </reporter-output>
        </test-method> <!-- setup -->
        <test-method status="PASS" signature="testReadExcelData(java.lang.String, java.lang.String)[pri:0, instance:com.freecrm.testcases.FreeCrmAddContactTestExcelReadData@15d0c81b]" name="testReadExcelData" duration-ms="16118" started-at="2020-06-09T23:00:13 IST" data-provider="getData" finished-at="2020-06-09T23:00:29 IST">
          <params>
            <param index="0">
              <value>
                <![CDATA[Gaurav]]>
              </value>
            </param>
            <param index="1">
              <value>
                <![CDATA[Kapoor]]>
              </value>
            </param>
          </params>
          <reporter-output>
          </reporter-output>
        </test-method> <!-- testReadExcelData -->
        <test-method status="PASS" signature="tearDown()[pri:0, instance:com.freecrm.testcases.FreeCrmAddContactTestExcelReadData@15d0c81b]" name="tearDown" is-config="true" duration-ms="733" started-at="2020-06-09T23:00:29 IST" finished-at="2020-06-09T23:00:30 IST">
          <reporter-output>
          </reporter-output>
        </test-method> <!-- tearDown -->
      </class> <!-- com.freecrm.testcases.FreeCrmAddContactTestExcelReadData -->
    </test> <!-- Default test -->
  </suite> <!-- Default suite -->
</testng-results>
